{
  "RSpec": {
    "coverage": {
      "/Users/crowrising/Turing/3Mod/Projects/whether_sweater/config/environment.rb": {
        "lines": [
          null,
          null,
          null,
          1,
          null,
          null,
          1
        ]
      },
      "/Users/crowrising/Turing/3Mod/Projects/whether_sweater/config/application.rb": {
        "lines": [
          null,
          null,
          1,
          null,
          1,
          null,
          1,
          1,
          1,
          1,
          1,
          1,
          1,
          1,
          1,
          1,
          null,
          null,
          null,
          null,
          1,
          null,
          1,
          1,
          null,
          1,
          null,
          null,
          null,
          null,
          null,
          null,
          null,
          null,
          null,
          null,
          null,
          null,
          1,
          null,
          null
        ]
      },
      "/Users/crowrising/Turing/3Mod/Projects/whether_sweater/config/boot.rb": {
        "lines": [
          null,
          null,
          1,
          null,
          1,
          1
        ]
      },
      "/Users/crowrising/Turing/3Mod/Projects/whether_sweater/config/environments/test.rb": {
        "lines": [
          null,
          null,
          1,
          null,
          null,
          null,
          null,
          null,
          null,
          1,
          null,
          null,
          null,
          1,
          null,
          null,
          null,
          null,
          1,
          null,
          null,
          1,
          1,
          null,
          null,
          null,
          null,
          1,
          1,
          1,
          null,
          null,
          1,
          null,
          null,
          1,
          null,
          null,
          1,
          null,
          1,
          null,
          null,
          null,
          null,
          1,
          null,
          null,
          1,
          null,
          null,
          1,
          null,
          null,
          1,
          null,
          null,
          null,
          null,
          null,
          null,
          null
        ]
      },
      "/Users/crowrising/Turing/3Mod/Projects/whether_sweater/config/initializers/cors.rb": {
        "lines": [
          null,
          null,
          null,
          null,
          null,
          null,
          null,
          null,
          null,
          null,
          null,
          null,
          null,
          null,
          null,
          null,
          null
        ]
      },
      "/Users/crowrising/Turing/3Mod/Projects/whether_sweater/config/initializers/filter_parameter_logging.rb": {
        "lines": [
          null,
          null,
          null,
          null,
          null,
          null,
          null,
          1,
          null,
          null
        ]
      },
      "/Users/crowrising/Turing/3Mod/Projects/whether_sweater/config/initializers/inflections.rb": {
        "lines": [
          null,
          null,
          null,
          null,
          null,
          null,
          null,
          null,
          null,
          null,
          null,
          null,
          null,
          null,
          null,
          null,
          null
        ]
      },
      "/Users/crowrising/Turing/3Mod/Projects/whether_sweater/config/routes.rb": {
        "lines": [
          null,
          null,
          1,
          null,
          null,
          null,
          null,
          null,
          1,
          1,
          1,
          1,
          1,
          null,
          null,
          null
        ]
      },
      "/Users/crowrising/Turing/3Mod/Projects/whether_sweater/app/controllers/api/v1/users_controller.rb": {
        "lines": [
          1,
          1,
          3,
          3,
          1,
          null,
          2,
          null,
          null,
          null,
          1,
          null,
          1,
          3,
          null,
          null
        ]
      },
      "/Users/crowrising/Turing/3Mod/Projects/whether_sweater/app/controllers/application_controller.rb": {
        "lines": [
          null,
          null,
          1,
          null
        ]
      },
      "/Users/crowrising/Turing/3Mod/Projects/whether_sweater/app/models/user.rb": {
        "lines": [
          null,
          null,
          1,
          1,
          1,
          null,
          1,
          null,
          1,
          2,
          null,
          null
        ]
      },
      "/Users/crowrising/Turing/3Mod/Projects/whether_sweater/app/models/application_record.rb": {
        "lines": [
          null,
          null,
          1,
          1,
          null
        ]
      },
      "/Users/crowrising/Turing/3Mod/Projects/whether_sweater/app/serializers/users_serializer.rb": {
        "lines": [
          null,
          null,
          1,
          1,
          1,
          null
        ]
      }
    },
    "timestamp": 1686620242
  }
}
